<?xml version="1.0" encoding="UTF-8"?>
<testng-results skipped="0" failed="0" total="1" passed="1">
  <reporter-output>
  </reporter-output>
  <suite name="Default suite" duration-ms="14463" started-at="2021-07-30T11:43:29Z" finished-at="2021-07-30T11:43:43Z">
    <groups>
    </groups>
    <test name="Default test" duration-ms="14463" started-at="2021-07-30T11:43:29Z" finished-at="2021-07-30T11:43:43Z">
      <class name="com.qa.test.Test1">
        <test-method status="PASS" signature="launch()[pri:0, instance:com.qa.test.Test1@78e117e3]" name="launch" is-config="true" duration-ms="9337" started-at="2021-07-30T17:13:29Z" finished-at="2021-07-30T17:13:38Z">
          <reporter-output>
          </reporter-output>
        </test-method> <!-- launch -->
        <test-method status="PASS" signature="test()[pri:0, instance:com.qa.test.Test1@78e117e3]" name="test" duration-ms="5086" started-at="2021-07-30T17:13:38Z" finished-at="2021-07-30T17:13:43Z">
          <reporter-output>
          </reporter-output>
        </test-method> <!-- test -->
      </class> <!-- com.qa.test.Test1 -->
    </test> <!-- Default test -->
  </suite> <!-- Default suite -->
</testng-results>
